0 verbose cli C:\Program Files\nodejs\node.exe C:\Program Files\nodejs\node_modules\npm\bin\npm-cli.js
1 info using npm@11.8.0
2 info using node@v24.13.1
3 silly config load:file:C:\Program Files\nodejs\node_modules\npm\npmrc
4 silly config load:file:D:\MobileDev\SimpleDigitalPetApp\.npmrc
5 silly config load:file:C:\Users\Emirhan\.npmrc
6 silly config load:file:C:\Users\Emirhan\AppData\Roaming\npm\etc\npmrc
7 verbose title npm config set cache d:\MobileDev\SimpleDigitalPetApp\.npm-cache
8 verbose argv "config" "set" "cache" "d:\\MobileDev\\SimpleDigitalPetApp\\.npm-cache" "--global" "false"
9 verbose logfile logs-max:10 dir:d:\MobileDev\SimpleDigitalPetApp\.npm-cache\_logs\2026-03-17T21_04_44_366Z-
10 verbose logfile d:\MobileDev\SimpleDigitalPetApp\.npm-cache\_logs\2026-03-17T21_04_44_366Z-debug-0.log
11 silly logfile done cleaning log files
12 info config set "cache" "d:\\MobileDev\\SimpleDigitalPetApp\\.npm-cache"
13 verbose stack Error: EPERM: operation not permitted, open 'C:\Users\Emirhan\.npmrc'
13 verbose stack     at async open (node:internal/fs/promises:637:25)
13 verbose stack     at async writeFile (node:internal/fs/promises:1239:14)
13 verbose stack     at async Config.save (C:\Program Files\nodejs\node_modules\npm\node_modules\@npmcli\config\lib\index.js:799:5)
13 verbose stack     at async Config.set (C:\Program Files\nodejs\node_modules\npm\lib\commands\config.js:194:5)
13 verbose stack     at async Config.exec (C:\Program Files\nodejs\node_modules\npm\lib\commands\config.js:139:9)
13 verbose stack     at async Npm.exec (C:\Program Files\nodejs\node_modules\npm\lib\npm.js:208:9)
13 verbose stack     at async module.exports (C:\Program Files\nodejs\node_modules\npm\lib\cli\entry.js:67:5)
14 error code EPERM
15 error syscall open
16 error path C:\Users\Emirhan\.npmrc
17 error errno -4048
18 error Error: EPERM: operation not permitted, open 'C:\Users\Emirhan\.npmrc'
18 error     at async open (node:internal/fs/promises:637:25)
18 error     at async writeFile (node:internal/fs/promises:1239:14)
18 error     at async Config.save (C:\Program Files\nodejs\node_modules\npm\node_modules\@npmcli\config\lib\index.js:799:5)
18 error     at async Config.set (C:\Program Files\nodejs\node_modules\npm\lib\commands\config.js:194:5)
18 error     at async Config.exec (C:\Program Files\nodejs\node_modules\npm\lib\commands\config.js:139:9)
18 error     at async Npm.exec (C:\Program Files\nodejs\node_modules\npm\lib\npm.js:208:9)
18 error     at async module.exports (C:\Program Files\nodejs\node_modules\npm\lib\cli\entry.js:67:5) {
18 error   errno: -4048,
18 error   code: 'EPERM',
18 error   syscall: 'open',
18 error   path: 'C:\\Users\\Emirhan\\.npmrc'
18 error }
19 error
19 error The operation was rejected by your operating system.
19 error It's possible that the file was already in use (by a text editor or antivirus),
19 error or that you lack permissions to access it.
19 error
19 error If you believe this might be a permissions issue, please double-check the
19 error permissions of the file and its containing directories, or try running
19 error the command again as root/Administrator.
20 verbose cwd D:\MobileDev\SimpleDigitalPetApp
21 verbose os Windows_NT 10.0.19045
22 verbose node v24.13.1
23 verbose npm  v11.8.0
24 verbose exit -4048
25 verbose code -4048
26 error A complete log of this run can be found in: d:\MobileDev\SimpleDigitalPetApp\.npm-cache\_logs\2026-03-17T21_04_44_366Z-debug-0.log
